<?xml version="1.0" encoding="UTF-8"?>
<testng-results ignored="0" total="1" passed="1" failed="0" skipped="0">
  <reporter-output>
  </reporter-output>
  <suite started-at="2022-07-12T03:27:35Z" name="Surefire suite" finished-at="2022-07-12T03:27:56Z" duration-ms="21352">
    <groups>
    </groups>
    <test started-at="2022-07-12T03:27:35Z" name="Surefire test" finished-at="2022-07-12T03:27:56Z" duration-ms="21352">
      <class name="Proyecto.Laboratorio2Test">
        <test-method signature="lab2_E1()" started-at="2022-07-12T00:27:35Z" name="lab2_E1" finished-at="2022-07-12T00:27:56Z" duration-ms="21274" status="PASS">
          <reporter-output>
          </reporter-output>
        </test-method> <!-- lab2_E1 -->
      </class> <!-- Proyecto.Laboratorio2Test -->
    </test> <!-- Surefire test -->
  </suite> <!-- Surefire suite -->
</testng-results>
