<?xml version="1.0" encoding="UTF-8"?>
<testng-results ignored="0" total="1" passed="1" failed="0" skipped="0">
  <reporter-output>
  </reporter-output>
  <suite started-at="2022-07-12T03:27:35Z" name="Surefire suite" finished-at="2022-07-12T03:27:35Z" duration-ms="48">
    <groups>
    </groups>
    <test started-at="2022-07-12T03:27:35Z" name="Surefire test" finished-at="2022-07-12T03:27:35Z" duration-ms="48">
      <class name="Proyecto.TestNGExample">
        <test-method is-config="true" signature="beforeMethod()[pri:0, instance:Proyecto.TestNGExample@134593bf]" started-at="2022-07-12T00:27:35Z" name="beforeMethod" finished-at="2022-07-12T00:27:35Z" duration-ms="19" status="PASS">
          <reporter-output>
          </reporter-output>
        </test-method> <!-- beforeMethod -->
        <test-method signature="f()[pri:0, instance:Proyecto.TestNGExample@134593bf]" started-at="2022-07-12T00:27:35Z" name="f" finished-at="2022-07-12T00:27:35Z" duration-ms="0" status="PASS">
          <reporter-output>
          </reporter-output>
        </test-method> <!-- f -->
        <test-method is-config="true" signature="afterMethod()[pri:0, instance:Proyecto.TestNGExample@134593bf]" started-at="2022-07-12T00:27:35Z" name="afterMethod" finished-at="2022-07-12T00:27:35Z" duration-ms="0" status="PASS">
          <reporter-output>
          </reporter-output>
        </test-method> <!-- afterMethod -->
      </class> <!-- Proyecto.TestNGExample -->
    </test> <!-- Surefire test -->
  </suite> <!-- Surefire suite -->
</testng-results>
