<?xml version="1.0" encoding="UTF-8"?>
<testng-results ignored="0" total="1" passed="1" failed="0" skipped="0">
  <reporter-output>
  </reporter-output>
  <suite started-at="2023-01-07T00:37:58Z" name="Proyecto.TestNGExample" finished-at="2023-01-07T00:37:58Z" duration-ms="36">
    <groups>
    </groups>
    <test started-at="2023-01-07T00:37:58Z" name="Command line test" finished-at="2023-01-07T00:37:58Z" duration-ms="36">
      <class name="Proyecto.TestNGExample">
        <test-method is-config="true" signature="beforeMethod()[pri:0, instance:Proyecto.TestNGExample@396e2f39]" started-at="2023-01-06T21:37:58Z" name="beforeMethod" finished-at="2023-01-06T21:37:58Z" duration-ms="8" status="PASS">
          <reporter-output>
          </reporter-output>
        </test-method> <!-- beforeMethod -->
        <test-method signature="f()[pri:0, instance:Proyecto.TestNGExample@396e2f39]" started-at="2023-01-06T21:37:58Z" name="f" finished-at="2023-01-06T21:37:58Z" duration-ms="2" status="PASS">
          <reporter-output>
          </reporter-output>
        </test-method> <!-- f -->
        <test-method is-config="true" signature="afterMethod()[pri:0, instance:Proyecto.TestNGExample@396e2f39]" started-at="2023-01-06T21:37:58Z" name="afterMethod" finished-at="2023-01-06T21:37:58Z" duration-ms="1" status="PASS">
          <reporter-output>
          </reporter-output>
        </test-method> <!-- afterMethod -->
      </class> <!-- Proyecto.TestNGExample -->
    </test> <!-- Command line test -->
  </suite> <!-- Proyecto.TestNGExample -->
</testng-results>
